# JRE version: OpenJDK Runtime Environment (17.0.7) (build 17.0.7+0-b2043.56-10550314)
# Java VM: OpenJDK 64-Bit Server VM (17.0.7+0-b2043.56-10550314, mixed mode, tiered, compressed oops, compressed class ptrs, g1 gc, windows-amd64)
GC Precious Log:
 CPUs: 12 total, 12 available
 Memory: 16236M
 Large Page Support: Disabled
 NUMA Support: Disabled
 Compressed Oops: Enabled (32-bit)
 Heap Region Size: 1M
 Heap Min Capacity: 8M
 Heap Initial Capacity: 254M
 Heap Max Capacity: 2G
 Pre-touch: Disabled
 Parallel Workers: 10
 Concurrent Workers: 3
 Concurrent Refinement Workers: 10
 Periodic GC: Disabled
Heap:
 garbage-first heap   total 329728K, used 174004K [0x0000000080000000, 0x0000000100000000)
  region size 1024K, 2 young (2048K), 2 survivors (2048K)
 Metaspace       used 138085K, committed 138816K, reserved 1179648K
  class space    used 18480K, committed 18816K, reserved 1048576K
GC Heap History (20 events):
Event: 10561.795 GC heap after
{Heap after GC invocations=75 (full 0):
 garbage-first heap   total 283648K, used 167234K [0x0000000080000000, 0x0000000100000000)
  region size 1024K, 2 young (2048K), 2 survivors (2048K)
 Metaspace       used 114075K, committed 114752K, reserved 1179648K
  class space    used 14983K, committed 15296K, reserved 1048576K
}
Event: 10562.932 GC heap before
{Heap before GC invocations=75 (full 0):
 garbage-first heap   total 283648K, used 232770K [0x0000000080000000, 0x0000000100000000)
  region size 1024K, 63 young (64512K), 2 survivors (2048K)
 Metaspace       used 115021K, committed 115712K, reserved 1179648K
  class space    used 15064K, committed 15360K, reserved 1048576K
}
Event: 10562.939 GC heap after
{Heap after GC invocations=76 (full 0):
 garbage-first heap   total 283648K, used 190031K [0x0000000080000000, 0x0000000100000000)
  region size 1024K, 8 young (8192K), 8 survivors (8192K)
 Metaspace       used 115021K, committed 115712K, reserved 1179648K
  class space    used 15064K, committed 15360K, reserved 1048576K
}
Event: 10562.939 GC heap before
{Heap before GC invocations=76 (full 0):
 garbage-first heap   total 283648K, used 190031K [0x0000000080000000, 0x0000000100000000)
  region size 1024K, 9 young (9216K), 8 survivors (8192K)
 Metaspace       used 115021K, committed 115712K, reserved 1179648K
  class space    used 15064K, committed 15360K, reserved 1048576K
}
Event: 10562.944 GC heap after
{Heap after GC invocations=77 (full 0):
 garbage-first heap   total 283648K, used 192027K [0x0000000080000000, 0x0000000100000000)
  region size 1024K, 1 young (1024K), 1 survivors (1024K)
 Metaspace       used 115021K, committed 115712K, reserved 1179648K
  class space    used 15064K, committed 15360K, reserved 1048576K
}
Event: 10563.612 GC heap before
{Heap before GC invocations=78 (full 0):
 garbage-first heap   total 329728K, used 249371K [0x0000000080000000, 0x0000000100000000)
  region size 1024K, 40 young (40960K), 1 survivors (1024K)
 Metaspace       used 115434K, committed 116160K, reserved 1179648K
  class space    used 15089K, committed 15424K, reserved 1048576K
}
Event: 10563.615 GC heap after
{Heap after GC invocations=79 (full 0):
 garbage-first heap   total 329728K, used 196189K [0x0000000080000000, 0x0000000100000000)
  region size 1024K, 5 young (5120K), 5 survivors (5120K)
 Metaspace       used 115434K, committed 116160K, reserved 1179648K
  class space    used 15089K, committed 15424K, reserved 1048576K
}
Event: 10563.628 GC heap before
{Heap before GC invocations=79 (full 0):
 garbage-first heap   total 329728K, used 207453K [0x0000000080000000, 0x0000000100000000)
  region size 1024K, 16 young (16384K), 5 survivors (5120K)
 Metaspace       used 115501K, committed 116224K, reserved 1179648K
  class space    used 15096K, committed 15424K, reserved 1048576K
}
Event: 10563.636 GC heap after
{Heap after GC invocations=80 (full 0):
 garbage-first heap   total 329728K, used 187296K [0x0000000080000000, 0x0000000100000000)
  region size 1024K, 2 young (2048K), 2 survivors (2048K)
 Metaspace       used 115501K, committed 116224K, reserved 1179648K
  class space    used 15096K, committed 15424K, reserved 1048576K
}
Event: 10564.028 GC heap before
{Heap before GC invocations=80 (full 0):
 garbage-first heap   total 329728K, used 260000K [0x0000000080000000, 0x0000000100000000)
  region size 1024K, 74 young (75776K), 2 survivors (2048K)
 Metaspace       used 120724K, committed 121408K, reserved 1179648K
  class space    used 15567K, committed 15872K, reserved 1048576K
}
Event: 10564.032 GC heap after
{Heap after GC invocations=81 (full 0):
 garbage-first heap   total 329728K, used 192253K [0x0000000080000000, 0x0000000100000000)
  region size 1024K, 7 young (7168K), 7 survivors (7168K)
 Metaspace       used 120724K, committed 121408K, reserved 1179648K
  class space    used 15567K, committed 15872K, reserved 1048576K
}
Event: 10564.504 GC heap before
{Heap before GC invocations=82 (full 0):
 garbage-first heap   total 329728K, used 246525K [0x0000000080000000, 0x0000000100000000)
  region size 1024K, 78 young (79872K), 7 survivors (7168K)
 Metaspace       used 125313K, committed 126016K, reserved 1179648K
  class space    used 16173K, committed 16512K, reserved 1048576K
}
Event: 10564.506 GC heap after
{Heap after GC invocations=83 (full 0):
 garbage-first heap   total 329728K, used 173066K [0x0000000080000000, 0x0000000100000000)
  region size 1024K, 4 young (4096K), 4 survivors (4096K)
 Metaspace       used 125313K, committed 126016K, reserved 1179648K
  class space    used 16173K, committed 16512K, reserved 1048576K
}
Event: 10564.607 GC heap before
{Heap before GC invocations=83 (full 0):
 garbage-first heap   total 329728K, used 184330K [0x0000000080000000, 0x0000000100000000)
  region size 1024K, 16 young (16384K), 4 survivors (4096K)
 Metaspace       used 125540K, committed 126208K, reserved 1179648K
  class space    used 16197K, committed 16512K, reserved 1048576K
}
Event: 10564.614 GC heap after
{Heap after GC invocations=84 (full 0):
 garbage-first heap   total 329728K, used 157037K [0x0000000080000000, 0x0000000100000000)
  region size 1024K, 2 young (2048K), 2 survivors (2048K)
 Metaspace       used 125540K, committed 126208K, reserved 1179648K
  class space    used 16197K, committed 16512K, reserved 1048576K
}
Event: 10565.208 GC heap before
{Heap before GC invocations=84 (full 0):
 garbage-first heap   total 329728K, used 256365K [0x0000000080000000, 0x0000000100000000)
  region size 1024K, 100 young (102400K), 2 survivors (2048K)
 Metaspace       used 130894K, committed 131584K, reserved 1179648K
  class space    used 17036K, committed 17344K, reserved 1048576K
}
Event: 10565.215 GC heap after
{Heap after GC invocations=85 (full 0):
 garbage-first heap   total 329728K, used 167440K [0x0000000080000000, 0x0000000100000000)
  region size 1024K, 12 young (12288K), 12 survivors (12288K)
 Metaspace       used 130894K, committed 131584K, reserved 1179648K
  class space    used 17036K, committed 17344K, reserved 1048576K
}
Event: 10565.586 GC heap before
{Heap before GC invocations=86 (full 0):
 garbage-first heap   total 329728K, used 264720K [0x0000000080000000, 0x0000000100000000)
  region size 1024K, 108 young (110592K), 12 survivors (12288K)
 Metaspace       used 137981K, committed 138752K, reserved 1179648K
  class space    used 18462K, committed 18816K, reserved 1048576K
}
Event: 10565.596 GC heap after
{Heap after GC invocations=87 (full 0):
 garbage-first heap   total 329728K, used 176671K [0x0000000080000000, 0x0000000100000000)
  region size 1024K, 12 young (12288K), 12 survivors (12288K)
 Metaspace       used 137981K, committed 138752K, reserved 1179648K
  class space    used 18462K, committed 18816K, reserved 1048576K
}
Event: 10565.611 GC heap before
{Heap before GC invocations=87 (full 0):
 garbage-first heap   total 329728K, used 180767K [0x0000000080000000, 0x0000000100000000)
  region size 1024K, 16 young (16384K), 12 survivors (12288K)
 Metaspace       used 138085K, committed 138816K, reserved 1179648K
  class space    used 18480K, committed 18816K, reserved 1048576K
}

